2020-11-22 23:37:12,524 - AppGuia_v0.7 - INFO - STARTING: 202008_alta_edit.pdf
2020-11-22 23:37:12,540 - AppGuia_v0.7 - INFO - Extracting text objects from file 202008_alta_edit.pdf...
2020-11-22 23:37:12,540 - AppGuia_v0.7 - INFO - Creating pdf objects!
2020-11-22 23:37:27,540 - AppGuia_v0.7 - INFO - Processing pdf pages!
2020-11-22 23:37:27,540 - AppGuia_v0.7 - INFO - Processing page 0...
2020-11-22 23:37:29,332 - AppGuia_v0.7 - INFO - Processing page 1...
2020-11-22 23:37:32,786 - AppGuia_v0.7 - INFO - Processing page 2...
2020-11-22 23:37:33,029 - AppGuia_v0.7 - INFO - Processing page 3...
2020-11-22 23:37:34,881 - AppGuia_v0.7 - INFO - Processing page 4...
2020-11-22 23:37:35,045 - AppGuia_v0.7 - INFO - Processing page 5...
2020-11-22 23:37:35,369 - AppGuia_v0.7 - INFO - Processing page 6...
2020-11-22 23:37:35,584 - AppGuia_v0.7 - INFO - Processing page 7...
2020-11-22 23:37:35,832 - AppGuia_v0.7 - INFO - Processing page 8...
2020-11-22 23:37:36,902 - AppGuia_v0.7 - INFO - Processing page 9...
2020-11-22 23:37:37,185 - AppGuia_v0.7 - INFO - Extracting text and features!
2020-11-22 23:37:37,251 - AppGuia_v0.7 - INFO - Done!

2020-11-22 23:37:37,258 - AppGuia_v0.7 - INFO - Filtering text from PDF with GhostScript...
2020-11-22 23:37:39,202 - AppGuia_v0.7 - INFO - Done!
2020-11-22 23:37:39,213 - AppGuia_v0.7 - INFO - Converting file /app/files/output/202008_alta_edit/03_pdf_201805/202008_alta_edit.pdf to PNG...
2020-11-22 23:37:44,508 - AppGuia_v0.7 - INFO - /app/files/output/202008_alta_edit/11_pages_full/page_000.png saved!
2020-11-22 23:37:45,609 - AppGuia_v0.7 - INFO - /app/files/output/202008_alta_edit/11_pages_full/page_001.png saved!
2020-11-22 23:37:46,691 - AppGuia_v0.7 - INFO - /app/files/output/202008_alta_edit/11_pages_full/page_002.png saved!
2020-11-22 23:37:47,913 - AppGuia_v0.7 - INFO - /app/files/output/202008_alta_edit/11_pages_full/page_003.png saved!
2020-11-22 23:37:48,790 - AppGuia_v0.7 - INFO - /app/files/output/202008_alta_edit/11_pages_full/page_004.png saved!
2020-11-22 23:37:49,979 - AppGuia_v0.7 - INFO - /app/files/output/202008_alta_edit/11_pages_full/page_005.png saved!
2020-11-22 23:37:50,793 - AppGuia_v0.7 - INFO - /app/files/output/202008_alta_edit/11_pages_full/page_006.png saved!
2020-11-22 23:37:51,168 - AppGuia_v0.7 - INFO - /app/files/output/202008_alta_edit/11_pages_full/page_007.png saved!
2020-11-22 23:37:51,949 - AppGuia_v0.7 - INFO - /app/files/output/202008_alta_edit/11_pages_full/page_008.png saved!
2020-11-22 23:37:52,946 - AppGuia_v0.7 - INFO - /app/files/output/202008_alta_edit/11_pages_full/page_009.png saved!
2020-11-22 23:37:53,905 - AppGuia_v0.7 - INFO - Done!
2020-11-22 23:37:53,905 - AppGuia_v0.7 - INFO - Converting file /app/files/output/202008_alta_edit/02_pdf_clean/202008_alta_edit.pdf to PNG...
2020-11-22 23:37:59,123 - AppGuia_v0.7 - INFO - /app/files/output/202008_alta_edit/12_pages_clean/page_000.png saved!
2020-11-22 23:38:00,208 - AppGuia_v0.7 - INFO - /app/files/output/202008_alta_edit/12_pages_clean/page_001.png saved!
2020-11-22 23:38:01,277 - AppGuia_v0.7 - INFO - /app/files/output/202008_alta_edit/12_pages_clean/page_002.png saved!
2020-11-22 23:38:02,495 - AppGuia_v0.7 - INFO - /app/files/output/202008_alta_edit/12_pages_clean/page_003.png saved!
2020-11-22 23:38:03,373 - AppGuia_v0.7 - INFO - /app/files/output/202008_alta_edit/12_pages_clean/page_004.png saved!
2020-11-22 23:38:04,559 - AppGuia_v0.7 - INFO - /app/files/output/202008_alta_edit/12_pages_clean/page_005.png saved!
2020-11-22 23:38:05,370 - AppGuia_v0.7 - INFO - /app/files/output/202008_alta_edit/12_pages_clean/page_006.png saved!
2020-11-22 23:38:05,705 - AppGuia_v0.7 - INFO - /app/files/output/202008_alta_edit/12_pages_clean/page_007.png saved!
2020-11-22 23:38:06,480 - AppGuia_v0.7 - INFO - /app/files/output/202008_alta_edit/12_pages_clean/page_008.png saved!
2020-11-22 23:38:07,472 - AppGuia_v0.7 - INFO - /app/files/output/202008_alta_edit/12_pages_clean/page_009.png saved!
2020-11-22 23:38:08,431 - AppGuia_v0.7 - INFO - Done!
2020-11-22 23:38:08,434 - AppGuia_v0.7 - INFO - Starting object detection...
2020-11-22 23:38:08,434 - AppGuia_v0.7 - INFO - There are 10 files to be processed!
2020-11-22 23:38:08,434 - AppGuia_v0.7 - INFO - Processing /app/files/output/202008_alta_edit/11_pages_full/page_000.png with Google Cloud
2020-11-22 23:38:09,010 - AppGuia_v0.7 - INFO - Processing /app/files/output/202008_alta_edit/11_pages_full/page_001.png with Google Cloud
2020-11-22 23:38:09,550 - AppGuia_v0.7 - INFO - Processing /app/files/output/202008_alta_edit/11_pages_full/page_002.png with Google Cloud
2020-11-22 23:38:10,070 - AppGuia_v0.7 - INFO - Processing /app/files/output/202008_alta_edit/11_pages_full/page_003.png with Google Cloud
2020-11-22 23:38:10,589 - AppGuia_v0.7 - INFO - Processing /app/files/output/202008_alta_edit/11_pages_full/page_004.png with Google Cloud
2020-11-22 23:38:11,090 - AppGuia_v0.7 - INFO - Processing /app/files/output/202008_alta_edit/11_pages_full/page_005.png with Google Cloud
2020-11-22 23:38:11,585 - AppGuia_v0.7 - INFO - Processing /app/files/output/202008_alta_edit/11_pages_full/page_006.png with Google Cloud
2020-11-22 23:38:12,035 - AppGuia_v0.7 - INFO - Processing /app/files/output/202008_alta_edit/11_pages_full/page_007.png with Google Cloud
2020-11-22 23:38:12,516 - AppGuia_v0.7 - INFO - Processing /app/files/output/202008_alta_edit/11_pages_full/page_008.png with Google Cloud
2020-11-22 23:38:13,029 - AppGuia_v0.7 - INFO - Processing /app/files/output/202008_alta_edit/11_pages_full/page_009.png with Google Cloud
2020-11-22 23:38:13,558 - AppGuia_v0.7 - INFO - Done!
2020-11-22 23:38:13,558 - AppGuia_v0.7 - INFO - Annotating /app/files/output/202008_alta_edit/11_pages_full/page_000.png...
2020-11-22 23:38:14,721 - AppGuia_v0.7 - INFO - Annotating /app/files/output/202008_alta_edit/11_pages_full/page_001.png...
2020-11-22 23:38:15,847 - AppGuia_v0.7 - INFO - Annotating /app/files/output/202008_alta_edit/11_pages_full/page_002.png...
2020-11-22 23:38:17,131 - AppGuia_v0.7 - INFO - Annotating /app/files/output/202008_alta_edit/11_pages_full/page_003.png...
2020-11-22 23:38:18,054 - AppGuia_v0.7 - INFO - Annotating /app/files/output/202008_alta_edit/11_pages_full/page_004.png...
2020-11-22 23:38:19,306 - AppGuia_v0.7 - INFO - Annotating /app/files/output/202008_alta_edit/11_pages_full/page_005.png...
2020-11-22 23:38:20,192 - AppGuia_v0.7 - INFO - Annotating /app/files/output/202008_alta_edit/11_pages_full/page_006.png...
2020-11-22 23:38:20,612 - AppGuia_v0.7 - INFO - Annotating /app/files/output/202008_alta_edit/11_pages_full/page_007.png...
2020-11-22 23:38:21,453 - AppGuia_v0.7 - INFO - Annotating /app/files/output/202008_alta_edit/11_pages_full/page_008.png...
2020-11-22 23:38:22,520 - AppGuia_v0.7 - INFO - Annotating /app/files/output/202008_alta_edit/11_pages_full/page_009.png...
2020-11-22 23:38:23,551 - AppGuia_v0.7 - INFO - Done!
2020-11-22 23:38:23,566 - AppGuia_v0.7 - INFO - Starting face detection...
2020-11-22 23:38:23,566 - AppGuia_v0.7 - INFO - There are 10 pages to be processed.
2020-11-22 23:38:23,566 - AppGuia_v0.7 - INFO - Processing /app/files/output/202008_alta_edit/11_pages_full/page_000.png with Google Cloud.
2020-11-22 23:38:24,773 - AppGuia_v0.7 - INFO - Processing /app/files/output/202008_alta_edit/11_pages_full/page_001.png with Google Cloud.
2020-11-22 23:38:25,651 - AppGuia_v0.7 - INFO - Processing /app/files/output/202008_alta_edit/11_pages_full/page_002.png with Google Cloud.
2020-11-22 23:38:26,378 - AppGuia_v0.7 - INFO - Processing /app/files/output/202008_alta_edit/11_pages_full/page_003.png with Google Cloud.
2020-11-22 23:38:27,429 - AppGuia_v0.7 - INFO - Processing /app/files/output/202008_alta_edit/11_pages_full/page_004.png with Google Cloud.
2020-11-22 23:38:28,072 - AppGuia_v0.7 - INFO - Processing /app/files/output/202008_alta_edit/11_pages_full/page_005.png with Google Cloud.
2020-11-22 23:38:29,119 - AppGuia_v0.7 - INFO - Processing /app/files/output/202008_alta_edit/11_pages_full/page_006.png with Google Cloud.
2020-11-22 23:38:29,771 - AppGuia_v0.7 - INFO - Processing /app/files/output/202008_alta_edit/11_pages_full/page_007.png with Google Cloud.
2020-11-22 23:38:30,570 - AppGuia_v0.7 - INFO - Processing /app/files/output/202008_alta_edit/11_pages_full/page_008.png with Google Cloud.
2020-11-22 23:38:31,430 - AppGuia_v0.7 - INFO - Processing /app/files/output/202008_alta_edit/11_pages_full/page_009.png with Google Cloud.
2020-11-22 23:38:32,488 - AppGuia_v0.7 - INFO - Done!
2020-11-22 23:38:32,488 - AppGuia_v0.7 - INFO - Structuring faces information...
2020-11-22 23:38:32,492 - AppGuia_v0.7 - INFO - Done!
2020-11-22 23:38:32,493 - AppGuia_v0.7 - INFO - Joining objects and text...
2020-11-22 23:38:32,509 - AppGuia_v0.7 - INFO - Annotating... 10 files to /app/files/output/202008_alta_edit/21_pages_ann_full.
2020-11-22 23:38:33,668 - AppGuia_v0.7 - INFO - Page page_000.png annotated!
2020-11-22 23:38:34,777 - AppGuia_v0.7 - INFO - Page page_001.png annotated!
2020-11-22 23:38:36,048 - AppGuia_v0.7 - INFO - Page page_002.png annotated!
2020-11-22 23:38:36,953 - AppGuia_v0.7 - INFO - Page page_003.png annotated!
2020-11-22 23:38:38,189 - AppGuia_v0.7 - INFO - Page page_004.png annotated!
2020-11-22 23:38:39,071 - AppGuia_v0.7 - INFO - Page page_005.png annotated!
2020-11-22 23:38:39,498 - AppGuia_v0.7 - INFO - Page page_006.png annotated!
2020-11-22 23:38:40,334 - AppGuia_v0.7 - INFO - Page page_007.png annotated!
2020-11-22 23:38:41,395 - AppGuia_v0.7 - INFO - Page page_008.png annotated!
2020-11-22 23:38:42,409 - AppGuia_v0.7 - INFO - Page page_009.png annotated!
2020-11-22 23:38:42,409 - AppGuia_v0.7 - INFO - Done!
2020-11-22 23:38:42,409 - AppGuia_v0.7 - INFO - Saving pickle metadata...
2020-11-22 23:38:42,410 - AppGuia_v0.7 - INFO - Done!
2020-11-22 23:38:42,411 - AppGuia_v0.7 - INFO - Reading pickle metadata...
2020-11-22 23:38:42,412 - AppGuia_v0.7 - INFO - Done!
2020-11-22 23:38:42,412 - AppGuia_v0.7 - INFO - Creating unique ID for objects...
2020-11-22 23:38:42,414 - AppGuia_v0.7 - INFO - Done!
2020-11-22 23:38:42,414 - AppGuia_v0.7 - INFO - Finding índice & abre...
2020-11-22 23:38:42,418 - AppGuia_v0.7 - INFO - Done!
