2020-11-22 23:34:38,843 - AppGuia_v0.7 - INFO - STARTING: 202008_alta_edit.pdf
2020-11-22 23:34:38,859 - AppGuia_v0.7 - INFO - Extracting text objects from file 202008_alta_edit.pdf...
2020-11-22 23:34:38,859 - AppGuia_v0.7 - INFO - Creating pdf objects!
2020-11-22 23:34:53,198 - AppGuia_v0.7 - INFO - Processing pdf pages!
2020-11-22 23:34:53,198 - AppGuia_v0.7 - INFO - Processing page 0...
2020-11-22 23:34:54,869 - AppGuia_v0.7 - INFO - Processing page 1...
2020-11-22 23:34:58,062 - AppGuia_v0.7 - INFO - Processing page 2...
2020-11-22 23:34:58,301 - AppGuia_v0.7 - INFO - Processing page 3...
2020-11-22 23:35:00,020 - AppGuia_v0.7 - INFO - Processing page 4...
2020-11-22 23:35:00,178 - AppGuia_v0.7 - INFO - Processing page 5...
2020-11-22 23:35:00,492 - AppGuia_v0.7 - INFO - Processing page 6...
2020-11-22 23:35:00,706 - AppGuia_v0.7 - INFO - Processing page 7...
2020-11-22 23:35:00,946 - AppGuia_v0.7 - INFO - Processing page 8...
2020-11-22 23:35:01,944 - AppGuia_v0.7 - INFO - Processing page 9...
2020-11-22 23:35:02,231 - AppGuia_v0.7 - INFO - Extracting text and features!
2020-11-22 23:35:02,294 - AppGuia_v0.7 - INFO - Done!

2020-11-22 23:35:02,302 - AppGuia_v0.7 - INFO - Filtering text from PDF with GhostScript...
2020-11-22 23:35:04,192 - AppGuia_v0.7 - INFO - Done!
2020-11-22 23:35:04,203 - AppGuia_v0.7 - INFO - Converting file /app/files/output/202008_alta_edit/03_pdf_201805/202008_alta_edit.pdf to PNG...
2020-11-22 23:35:09,510 - AppGuia_v0.7 - INFO - /app/files/output/202008_alta_edit/11_pages_full/page_000.png saved!
2020-11-22 23:35:10,596 - AppGuia_v0.7 - INFO - /app/files/output/202008_alta_edit/11_pages_full/page_001.png saved!
2020-11-22 23:35:11,663 - AppGuia_v0.7 - INFO - /app/files/output/202008_alta_edit/11_pages_full/page_002.png saved!
2020-11-22 23:35:12,878 - AppGuia_v0.7 - INFO - /app/files/output/202008_alta_edit/11_pages_full/page_003.png saved!
2020-11-22 23:35:13,750 - AppGuia_v0.7 - INFO - /app/files/output/202008_alta_edit/11_pages_full/page_004.png saved!
2020-11-22 23:35:14,934 - AppGuia_v0.7 - INFO - /app/files/output/202008_alta_edit/11_pages_full/page_005.png saved!
2020-11-22 23:35:15,742 - AppGuia_v0.7 - INFO - /app/files/output/202008_alta_edit/11_pages_full/page_006.png saved!
2020-11-22 23:35:16,115 - AppGuia_v0.7 - INFO - /app/files/output/202008_alta_edit/11_pages_full/page_007.png saved!
2020-11-22 23:35:16,895 - AppGuia_v0.7 - INFO - /app/files/output/202008_alta_edit/11_pages_full/page_008.png saved!
2020-11-22 23:35:17,886 - AppGuia_v0.7 - INFO - /app/files/output/202008_alta_edit/11_pages_full/page_009.png saved!
2020-11-22 23:35:18,841 - AppGuia_v0.7 - INFO - Done!
2020-11-22 23:35:18,842 - AppGuia_v0.7 - INFO - Converting file /app/files/output/202008_alta_edit/02_pdf_clean/202008_alta_edit.pdf to PNG...
2020-11-22 23:35:24,055 - AppGuia_v0.7 - INFO - /app/files/output/202008_alta_edit/12_pages_clean/page_000.png saved!
2020-11-22 23:35:25,129 - AppGuia_v0.7 - INFO - /app/files/output/202008_alta_edit/12_pages_clean/page_001.png saved!
2020-11-22 23:35:26,190 - AppGuia_v0.7 - INFO - /app/files/output/202008_alta_edit/12_pages_clean/page_002.png saved!
2020-11-22 23:35:27,404 - AppGuia_v0.7 - INFO - /app/files/output/202008_alta_edit/12_pages_clean/page_003.png saved!
2020-11-22 23:35:28,272 - AppGuia_v0.7 - INFO - /app/files/output/202008_alta_edit/12_pages_clean/page_004.png saved!
2020-11-22 23:35:29,453 - AppGuia_v0.7 - INFO - /app/files/output/202008_alta_edit/12_pages_clean/page_005.png saved!
2020-11-22 23:35:30,261 - AppGuia_v0.7 - INFO - /app/files/output/202008_alta_edit/12_pages_clean/page_006.png saved!
2020-11-22 23:35:30,599 - AppGuia_v0.7 - INFO - /app/files/output/202008_alta_edit/12_pages_clean/page_007.png saved!
2020-11-22 23:35:31,375 - AppGuia_v0.7 - INFO - /app/files/output/202008_alta_edit/12_pages_clean/page_008.png saved!
2020-11-22 23:35:32,363 - AppGuia_v0.7 - INFO - /app/files/output/202008_alta_edit/12_pages_clean/page_009.png saved!
2020-11-22 23:35:33,317 - AppGuia_v0.7 - INFO - Done!
2020-11-22 23:35:33,320 - AppGuia_v0.7 - INFO - Starting object detection...
2020-11-22 23:35:33,320 - AppGuia_v0.7 - INFO - There are 10 files to be processed!
2020-11-22 23:35:33,320 - AppGuia_v0.7 - INFO - Processing /app/files/output/202008_alta_edit/11_pages_full/page_000.png with Google Cloud
2020-11-22 23:35:33,874 - AppGuia_v0.7 - INFO - Processing /app/files/output/202008_alta_edit/11_pages_full/page_001.png with Google Cloud
2020-11-22 23:35:34,441 - AppGuia_v0.7 - INFO - Processing /app/files/output/202008_alta_edit/11_pages_full/page_002.png with Google Cloud
2020-11-22 23:35:34,949 - AppGuia_v0.7 - INFO - Processing /app/files/output/202008_alta_edit/11_pages_full/page_003.png with Google Cloud
2020-11-22 23:35:35,462 - AppGuia_v0.7 - INFO - Processing /app/files/output/202008_alta_edit/11_pages_full/page_004.png with Google Cloud
2020-11-22 23:35:35,977 - AppGuia_v0.7 - INFO - Processing /app/files/output/202008_alta_edit/11_pages_full/page_005.png with Google Cloud
2020-11-22 23:35:36,464 - AppGuia_v0.7 - INFO - Processing /app/files/output/202008_alta_edit/11_pages_full/page_006.png with Google Cloud
2020-11-22 23:35:36,924 - AppGuia_v0.7 - INFO - Processing /app/files/output/202008_alta_edit/11_pages_full/page_007.png with Google Cloud
2020-11-22 23:35:37,394 - AppGuia_v0.7 - INFO - Processing /app/files/output/202008_alta_edit/11_pages_full/page_008.png with Google Cloud
2020-11-22 23:35:37,904 - AppGuia_v0.7 - INFO - Processing /app/files/output/202008_alta_edit/11_pages_full/page_009.png with Google Cloud
2020-11-22 23:35:38,433 - AppGuia_v0.7 - INFO - Done!
2020-11-22 23:35:38,433 - AppGuia_v0.7 - INFO - Annotating /app/files/output/202008_alta_edit/11_pages_full/page_000.png...
2020-11-22 23:35:39,599 - AppGuia_v0.7 - INFO - Annotating /app/files/output/202008_alta_edit/11_pages_full/page_001.png...
2020-11-22 23:35:40,719 - AppGuia_v0.7 - INFO - Annotating /app/files/output/202008_alta_edit/11_pages_full/page_002.png...
2020-11-22 23:35:41,996 - AppGuia_v0.7 - INFO - Annotating /app/files/output/202008_alta_edit/11_pages_full/page_003.png...
2020-11-22 23:35:42,908 - AppGuia_v0.7 - INFO - Annotating /app/files/output/202008_alta_edit/11_pages_full/page_004.png...
2020-11-22 23:35:44,153 - AppGuia_v0.7 - INFO - Annotating /app/files/output/202008_alta_edit/11_pages_full/page_005.png...
2020-11-22 23:35:45,033 - AppGuia_v0.7 - INFO - Annotating /app/files/output/202008_alta_edit/11_pages_full/page_006.png...
2020-11-22 23:35:45,451 - AppGuia_v0.7 - INFO - Annotating /app/files/output/202008_alta_edit/11_pages_full/page_007.png...
2020-11-22 23:35:46,289 - AppGuia_v0.7 - INFO - Annotating /app/files/output/202008_alta_edit/11_pages_full/page_008.png...
2020-11-22 23:35:47,347 - AppGuia_v0.7 - INFO - Annotating /app/files/output/202008_alta_edit/11_pages_full/page_009.png...
2020-11-22 23:35:48,368 - AppGuia_v0.7 - INFO - Done!
2020-11-22 23:35:48,384 - AppGuia_v0.7 - INFO - Starting face detection...
2020-11-22 23:35:48,384 - AppGuia_v0.7 - INFO - There are 10 pages to be processed.
2020-11-22 23:35:48,384 - AppGuia_v0.7 - INFO - Processing /app/files/output/202008_alta_edit/11_pages_full/page_000.png with Google Cloud.
2020-11-22 23:35:49,424 - AppGuia_v0.7 - INFO - Processing /app/files/output/202008_alta_edit/11_pages_full/page_001.png with Google Cloud.
2020-11-22 23:35:50,264 - AppGuia_v0.7 - INFO - Processing /app/files/output/202008_alta_edit/11_pages_full/page_002.png with Google Cloud.
2020-11-22 23:35:50,860 - AppGuia_v0.7 - INFO - Processing /app/files/output/202008_alta_edit/11_pages_full/page_003.png with Google Cloud.
2020-11-22 23:35:51,743 - AppGuia_v0.7 - INFO - Processing /app/files/output/202008_alta_edit/11_pages_full/page_004.png with Google Cloud.
2020-11-22 23:35:52,471 - AppGuia_v0.7 - INFO - Processing /app/files/output/202008_alta_edit/11_pages_full/page_005.png with Google Cloud.
2020-11-22 23:35:53,573 - AppGuia_v0.7 - INFO - Processing /app/files/output/202008_alta_edit/11_pages_full/page_006.png with Google Cloud.
2020-11-22 23:35:54,254 - AppGuia_v0.7 - INFO - Processing /app/files/output/202008_alta_edit/11_pages_full/page_007.png with Google Cloud.
2020-11-22 23:35:54,882 - AppGuia_v0.7 - INFO - Processing /app/files/output/202008_alta_edit/11_pages_full/page_008.png with Google Cloud.
2020-11-22 23:35:55,741 - AppGuia_v0.7 - INFO - Processing /app/files/output/202008_alta_edit/11_pages_full/page_009.png with Google Cloud.
2020-11-22 23:35:56,676 - AppGuia_v0.7 - INFO - Done!
2020-11-22 23:35:56,676 - AppGuia_v0.7 - INFO - Structuring faces information...
2020-11-22 23:35:56,680 - AppGuia_v0.7 - INFO - Done!
2020-11-22 23:35:56,681 - AppGuia_v0.7 - INFO - Joining objects and text...
2020-11-22 23:35:56,696 - AppGuia_v0.7 - INFO - Annotating... 10 files to /app/files/output/202008_alta_edit/21_pages_ann_full.
