2020-11-22 23:53:45,992 - AppGuia_v0.7 - INFO - STARTING: 202008_alta_edit.pdf
2020-11-22 23:53:46,008 - AppGuia_v0.7 - INFO - Extracting text objects from file 202008_alta_edit.pdf...
2020-11-22 23:53:46,008 - AppGuia_v0.7 - INFO - Creating pdf objects!
2020-11-22 23:54:00,644 - AppGuia_v0.7 - INFO - Processing pdf pages!
2020-11-22 23:54:00,644 - AppGuia_v0.7 - INFO - Processing page 0...
2020-11-22 23:54:02,320 - AppGuia_v0.7 - INFO - Processing page 1...
2020-11-22 23:54:05,538 - AppGuia_v0.7 - INFO - Processing page 2...
2020-11-22 23:54:05,779 - AppGuia_v0.7 - INFO - Processing page 3...
2020-11-22 23:54:07,501 - AppGuia_v0.7 - INFO - Processing page 4...
2020-11-22 23:54:07,659 - AppGuia_v0.7 - INFO - Processing page 5...
2020-11-22 23:54:07,984 - AppGuia_v0.7 - INFO - Processing page 6...
2020-11-22 23:54:08,200 - AppGuia_v0.7 - INFO - Processing page 7...
2020-11-22 23:54:08,438 - AppGuia_v0.7 - INFO - Processing page 8...
2020-11-22 23:54:09,435 - AppGuia_v0.7 - INFO - Processing page 9...
2020-11-22 23:54:09,716 - AppGuia_v0.7 - INFO - Extracting text and features!
2020-11-22 23:54:09,779 - AppGuia_v0.7 - INFO - Done!

2020-11-22 23:54:09,786 - AppGuia_v0.7 - INFO - Filtering text from PDF with GhostScript...
2020-11-22 23:54:11,725 - AppGuia_v0.7 - INFO - Done!
2020-11-22 23:54:11,736 - AppGuia_v0.7 - INFO - Converting file /app/files/output/202008_alta_edit/03_pdf_201805/202008_alta_edit.pdf to PNG...
2020-11-22 23:54:17,044 - AppGuia_v0.7 - INFO - /app/files/output/202008_alta_edit/11_pages_full/page_000.png saved!
2020-11-22 23:54:18,126 - AppGuia_v0.7 - INFO - /app/files/output/202008_alta_edit/11_pages_full/page_001.png saved!
2020-11-22 23:54:19,192 - AppGuia_v0.7 - INFO - /app/files/output/202008_alta_edit/11_pages_full/page_002.png saved!
2020-11-22 23:54:20,409 - AppGuia_v0.7 - INFO - /app/files/output/202008_alta_edit/11_pages_full/page_003.png saved!
2020-11-22 23:54:21,284 - AppGuia_v0.7 - INFO - /app/files/output/202008_alta_edit/11_pages_full/page_004.png saved!
2020-11-22 23:54:22,473 - AppGuia_v0.7 - INFO - /app/files/output/202008_alta_edit/11_pages_full/page_005.png saved!
2020-11-22 23:54:23,291 - AppGuia_v0.7 - INFO - /app/files/output/202008_alta_edit/11_pages_full/page_006.png saved!
2020-11-22 23:54:23,666 - AppGuia_v0.7 - INFO - /app/files/output/202008_alta_edit/11_pages_full/page_007.png saved!
2020-11-22 23:54:24,449 - AppGuia_v0.7 - INFO - /app/files/output/202008_alta_edit/11_pages_full/page_008.png saved!
2020-11-22 23:54:25,450 - AppGuia_v0.7 - INFO - /app/files/output/202008_alta_edit/11_pages_full/page_009.png saved!
2020-11-22 23:54:26,425 - AppGuia_v0.7 - INFO - Done!
2020-11-22 23:54:26,425 - AppGuia_v0.7 - INFO - Converting file /app/files/output/202008_alta_edit/02_pdf_clean/202008_alta_edit.pdf to PNG...
2020-11-22 23:54:31,650 - AppGuia_v0.7 - INFO - /app/files/output/202008_alta_edit/12_pages_clean/page_000.png saved!
2020-11-22 23:54:32,746 - AppGuia_v0.7 - INFO - /app/files/output/202008_alta_edit/12_pages_clean/page_001.png saved!
2020-11-22 23:54:33,826 - AppGuia_v0.7 - INFO - /app/files/output/202008_alta_edit/12_pages_clean/page_002.png saved!
2020-11-22 23:54:35,046 - AppGuia_v0.7 - INFO - /app/files/output/202008_alta_edit/12_pages_clean/page_003.png saved!
2020-11-22 23:54:35,936 - AppGuia_v0.7 - INFO - /app/files/output/202008_alta_edit/12_pages_clean/page_004.png saved!
2020-11-22 23:54:37,127 - AppGuia_v0.7 - INFO - /app/files/output/202008_alta_edit/12_pages_clean/page_005.png saved!
2020-11-22 23:54:37,942 - AppGuia_v0.7 - INFO - /app/files/output/202008_alta_edit/12_pages_clean/page_006.png saved!
2020-11-22 23:54:38,277 - AppGuia_v0.7 - INFO - /app/files/output/202008_alta_edit/12_pages_clean/page_007.png saved!
2020-11-22 23:54:39,053 - AppGuia_v0.7 - INFO - /app/files/output/202008_alta_edit/12_pages_clean/page_008.png saved!
2020-11-22 23:54:40,054 - AppGuia_v0.7 - INFO - /app/files/output/202008_alta_edit/12_pages_clean/page_009.png saved!
2020-11-22 23:54:41,027 - AppGuia_v0.7 - INFO - Done!
2020-11-22 23:54:41,030 - AppGuia_v0.7 - INFO - Starting object detection...
2020-11-22 23:54:41,030 - AppGuia_v0.7 - INFO - There are 10 files to be processed!
2020-11-22 23:54:41,030 - AppGuia_v0.7 - INFO - Processing /app/files/output/202008_alta_edit/11_pages_full/page_000.png with Google Cloud
2020-11-22 23:54:41,636 - AppGuia_v0.7 - INFO - Processing /app/files/output/202008_alta_edit/11_pages_full/page_001.png with Google Cloud
2020-11-22 23:54:42,224 - AppGuia_v0.7 - INFO - Processing /app/files/output/202008_alta_edit/11_pages_full/page_002.png with Google Cloud
2020-11-22 23:54:42,760 - AppGuia_v0.7 - INFO - Processing /app/files/output/202008_alta_edit/11_pages_full/page_003.png with Google Cloud
2020-11-22 23:54:43,295 - AppGuia_v0.7 - INFO - Processing /app/files/output/202008_alta_edit/11_pages_full/page_004.png with Google Cloud
2020-11-22 23:54:43,819 - AppGuia_v0.7 - INFO - Processing /app/files/output/202008_alta_edit/11_pages_full/page_005.png with Google Cloud
2020-11-22 23:54:44,361 - AppGuia_v0.7 - INFO - Processing /app/files/output/202008_alta_edit/11_pages_full/page_006.png with Google Cloud
2020-11-22 23:54:44,854 - AppGuia_v0.7 - INFO - Processing /app/files/output/202008_alta_edit/11_pages_full/page_007.png with Google Cloud
2020-11-22 23:54:45,354 - AppGuia_v0.7 - INFO - Processing /app/files/output/202008_alta_edit/11_pages_full/page_008.png with Google Cloud
2020-11-22 23:54:45,910 - AppGuia_v0.7 - INFO - Processing /app/files/output/202008_alta_edit/11_pages_full/page_009.png with Google Cloud
2020-11-22 23:54:46,457 - AppGuia_v0.7 - INFO - Done!
2020-11-22 23:54:46,457 - AppGuia_v0.7 - INFO - Annotating /app/files/output/202008_alta_edit/11_pages_full/page_000.png...
2020-11-22 23:54:47,619 - AppGuia_v0.7 - INFO - Annotating /app/files/output/202008_alta_edit/11_pages_full/page_001.png...
2020-11-22 23:54:48,740 - AppGuia_v0.7 - INFO - Annotating /app/files/output/202008_alta_edit/11_pages_full/page_002.png...
2020-11-22 23:54:50,022 - AppGuia_v0.7 - INFO - Annotating /app/files/output/202008_alta_edit/11_pages_full/page_003.png...
2020-11-22 23:54:50,939 - AppGuia_v0.7 - INFO - Annotating /app/files/output/202008_alta_edit/11_pages_full/page_004.png...
2020-11-22 23:54:52,189 - AppGuia_v0.7 - INFO - Annotating /app/files/output/202008_alta_edit/11_pages_full/page_005.png...
2020-11-22 23:54:53,074 - AppGuia_v0.7 - INFO - Annotating /app/files/output/202008_alta_edit/11_pages_full/page_006.png...
2020-11-22 23:54:53,495 - AppGuia_v0.7 - INFO - Annotating /app/files/output/202008_alta_edit/11_pages_full/page_007.png...
2020-11-22 23:54:54,335 - AppGuia_v0.7 - INFO - Annotating /app/files/output/202008_alta_edit/11_pages_full/page_008.png...
2020-11-22 23:54:55,399 - AppGuia_v0.7 - INFO - Annotating /app/files/output/202008_alta_edit/11_pages_full/page_009.png...
2020-11-22 23:54:56,425 - AppGuia_v0.7 - INFO - Done!
2020-11-22 23:54:56,441 - AppGuia_v0.7 - INFO - Starting face detection...
2020-11-22 23:54:56,441 - AppGuia_v0.7 - INFO - There are 10 pages to be processed.
2020-11-22 23:54:56,441 - AppGuia_v0.7 - INFO - Processing /app/files/output/202008_alta_edit/11_pages_full/page_000.png with Google Cloud.
2020-11-22 23:54:57,385 - AppGuia_v0.7 - INFO - Processing /app/files/output/202008_alta_edit/11_pages_full/page_001.png with Google Cloud.
2020-11-22 23:54:58,250 - AppGuia_v0.7 - INFO - Processing /app/files/output/202008_alta_edit/11_pages_full/page_002.png with Google Cloud.
2020-11-22 23:54:58,927 - AppGuia_v0.7 - INFO - Processing /app/files/output/202008_alta_edit/11_pages_full/page_003.png with Google Cloud.
2020-11-22 23:54:59,804 - AppGuia_v0.7 - INFO - Processing /app/files/output/202008_alta_edit/11_pages_full/page_004.png with Google Cloud.
2020-11-22 23:55:00,512 - AppGuia_v0.7 - INFO - Processing /app/files/output/202008_alta_edit/11_pages_full/page_005.png with Google Cloud.
2020-11-22 23:55:01,499 - AppGuia_v0.7 - INFO - Processing /app/files/output/202008_alta_edit/11_pages_full/page_006.png with Google Cloud.
2020-11-22 23:55:02,103 - AppGuia_v0.7 - INFO - Processing /app/files/output/202008_alta_edit/11_pages_full/page_007.png with Google Cloud.
2020-11-22 23:55:02,850 - AppGuia_v0.7 - INFO - Processing /app/files/output/202008_alta_edit/11_pages_full/page_008.png with Google Cloud.
2020-11-22 23:55:03,740 - AppGuia_v0.7 - INFO - Processing /app/files/output/202008_alta_edit/11_pages_full/page_009.png with Google Cloud.
2020-11-22 23:55:04,560 - AppGuia_v0.7 - INFO - Done!
2020-11-22 23:55:04,561 - AppGuia_v0.7 - INFO - Structuring faces information...
2020-11-22 23:55:04,564 - AppGuia_v0.7 - INFO - Done!
2020-11-22 23:55:04,565 - AppGuia_v0.7 - INFO - Joining objects and text...
2020-11-22 23:55:04,580 - AppGuia_v0.7 - INFO - Annotating... 10 files to /app/files/output/202008_alta_edit/21_pages_ann_full.
2020-11-22 23:55:05,737 - AppGuia_v0.7 - INFO - Page page_000.png annotated!
2020-11-22 23:55:06,852 - AppGuia_v0.7 - INFO - Page page_001.png annotated!
2020-11-22 23:55:08,124 - AppGuia_v0.7 - INFO - Page page_002.png annotated!
2020-11-22 23:55:09,062 - AppGuia_v0.7 - INFO - Page page_003.png annotated!
2020-11-22 23:55:10,304 - AppGuia_v0.7 - INFO - Page page_004.png annotated!
2020-11-22 23:55:11,191 - AppGuia_v0.7 - INFO - Page page_005.png annotated!
2020-11-22 23:55:11,619 - AppGuia_v0.7 - INFO - Page page_006.png annotated!
2020-11-22 23:55:12,458 - AppGuia_v0.7 - INFO - Page page_007.png annotated!
2020-11-22 23:55:13,525 - AppGuia_v0.7 - INFO - Page page_008.png annotated!
2020-11-22 23:55:14,541 - AppGuia_v0.7 - INFO - Page page_009.png annotated!
2020-11-22 23:55:14,541 - AppGuia_v0.7 - INFO - Done!
2020-11-22 23:55:14,541 - AppGuia_v0.7 - INFO - Saving pickle metadata...
2020-11-22 23:55:14,542 - AppGuia_v0.7 - INFO - Done!
2020-11-22 23:55:14,542 - AppGuia_v0.7 - INFO - Reading pickle metadata...
2020-11-22 23:55:14,544 - AppGuia_v0.7 - INFO - Done!
2020-11-22 23:55:14,544 - AppGuia_v0.7 - INFO - Creating unique ID for objects...
2020-11-22 23:55:14,546 - AppGuia_v0.7 - INFO - Done!
2020-11-22 23:55:14,546 - AppGuia_v0.7 - INFO - Finding índice & abre...
2020-11-22 23:55:14,550 - AppGuia_v0.7 - INFO - Done!
2020-11-22 23:55:14,971 - AppGuia_v0.7 - INFO - Annotating... 10 files to /app/files/output/202008_alta_edit/23_pages_ann_grouped_text.
2020-11-22 23:55:16,145 - AppGuia_v0.7 - INFO - Page page_000.png annotated!
2020-11-22 23:55:17,278 - AppGuia_v0.7 - INFO - Page page_001.png annotated!
2020-11-22 23:55:18,557 - AppGuia_v0.7 - INFO - Page page_002.png annotated!
2020-11-22 23:55:19,483 - AppGuia_v0.7 - INFO - Page page_003.png annotated!
2020-11-22 23:55:20,732 - AppGuia_v0.7 - INFO - Page page_004.png annotated!
2020-11-22 23:55:21,620 - AppGuia_v0.7 - INFO - Page page_005.png annotated!
2020-11-22 23:55:22,044 - AppGuia_v0.7 - INFO - Page page_006.png annotated!
2020-11-22 23:55:22,885 - AppGuia_v0.7 - INFO - Page page_007.png annotated!
2020-11-22 23:55:23,959 - AppGuia_v0.7 - INFO - Page page_008.png annotated!
2020-11-22 23:55:24,991 - AppGuia_v0.7 - INFO - Page page_009.png annotated!
2020-11-22 23:55:24,991 - AppGuia_v0.7 - INFO - Done!
2020-11-22 23:55:24,991 - AppGuia_v0.7 - INFO - Linking text with figures...
2020-11-22 23:55:24,991 - AppGuia_v0.7 - INFO - Splitting text and pictures data frame...
2020-11-22 23:55:24,995 - AppGuia_v0.7 - INFO - Calculating distances...
2020-11-22 23:55:25,060 - AppGuia_v0.7 - INFO - Done!
2020-11-22 23:55:25,060 - AppGuia_v0.7 - INFO - Creating annotated images...
2020-11-22 23:55:26,356 - AppGuia_v0.7 - INFO - Page page_002.png annotated!
2020-11-22 23:55:27,635 - AppGuia_v0.7 - INFO - Page page_004.png annotated!
2020-11-22 23:55:28,527 - AppGuia_v0.7 - INFO - Page page_005.png annotated!
2020-11-22 23:55:28,974 - AppGuia_v0.7 - INFO - Page page_006.png annotated!
2020-11-22 23:55:29,838 - AppGuia_v0.7 - INFO - Page page_007.png annotated!
2020-11-22 23:55:30,930 - AppGuia_v0.7 - INFO - Page page_008.png annotated!
2020-11-22 23:55:30,934 - AppGuia_v0.7 - INFO - Creating dataframe with links of objects and texts...
2020-11-22 23:55:30,943 - AppGuia_v0.7 - INFO - Saving pickle metadata...
2020-11-22 23:55:30,944 - AppGuia_v0.7 - INFO - Done!
2020-11-22 23:55:30,944 - AppGuia_v0.7 - INFO - DONE: 202008_alta_edit.pdf
